{"contracts/SimpleSwap.sol":{"l":{"208":25,"209":2,"211":23,"218":23,"219":3,"221":20,"245":7,"249":5,"253":2,"255":2,"257":1,"258":1,"261":1,"262":1,"263":1,"286":5,"287":3,"289":2,"309":3,"310":3,"317":2,"318":2,"351":9,"353":7,"354":7,"355":7,"358":7,"366":7,"367":2,"371":5,"372":5,"375":5,"385":5,"386":5,"387":5,"413":5,"415":3,"416":3,"417":3,"420":3,"428":3,"429":2,"432":1,"434":1,"435":1,"437":1,"460":6,"462":6,"465":5,"469":5,"470":2,"471":1,"473":1,"476":1,"479":2,"480":2,"484":2,"492":2,"493":1,"497":1,"498":1,"499":1,"521":2,"522":2,"525":2,"526":1,"528":1,"543":4},"path":"/Users/claudiohermida-new/Desktop/WORKSPACE/ETH_KIPU/ETH_KIPU_2025/ETH-KIPU-2025-TP-MOD-4-COPY/contracts/SimpleSwap.sol","s":{"1":25,"2":23,"3":7,"4":5,"5":2,"6":2,"7":1,"8":5,"9":9,"10":7,"11":7,"12":7,"13":7,"14":5,"15":5,"16":5,"17":5,"18":5,"19":5,"20":3,"21":3,"22":3,"23":3,"24":1,"25":1,"26":1,"27":1,"28":6,"29":6,"30":5,"31":2,"32":1,"33":3,"34":2,"35":1,"36":1,"37":1,"38":2,"39":2,"40":2},"b":{"1":[2,23],"2":[3,20],"3":[5,2],"4":[1,1],"5":[3,2],"6":[10,0],"7":[9,1],"8":[2,7],"9":[1,1],"10":[2,5],"11":[1,1],"12":[5,0],"13":[6,1],"14":[5,1],"15":[2,3],"16":[1,1],"17":[2,1],"18":[1,1],"19":[7,1],"20":[6,1],"21":[1,5],"22":[2,3],"23":[1,1],"24":[1,0],"25":[1,2],"26":[1,1],"27":[1,1]},"f":{"1":25,"2":23,"3":7,"4":5,"5":3,"6":2,"7":9,"8":5,"9":6,"10":2,"11":4},"fnMap":{"1":{"name":"onlyBeforeDeadline","line":207,"loc":{"start":{"line":207,"column":4},"end":{"line":212,"column":4}}},"2":{"name":"onlyValidAddress","line":217,"loc":{"start":{"line":217,"column":4},"end":{"line":222,"column":4}}},"3":{"name":"_calculateAmountsToDeposit","line":237,"loc":{"start":{"line":237,"column":4},"end":{"line":265,"column":4}}},"4":{"name":"_calculateLiquidityToMint","line":278,"loc":{"start":{"line":278,"column":4},"end":{"line":291,"column":4}}},"5":{"name":"_calculateExitLiquidity","line":302,"loc":{"start":{"line":302,"column":4},"end":{"line":311,"column":4}}},"6":{"name":"constructor","line":316,"loc":{"start":{"line":316,"column":4},"end":{"line":319,"column":4}}},"7":{"name":"addLiquidity","line":349,"loc":{"start":{"line":340,"column":4},"end":{"line":389,"column":4}}},"8":{"name":"removeLiquidity","line":411,"loc":{"start":{"line":403,"column":5},"end":{"line":440,"column":4}}},"9":{"name":"swapExactTokensForTokens","line":457,"loc":{"start":{"line":451,"column":4},"end":{"line":511,"column":4}}},"10":{"name":"getPrice","line":519,"loc":{"start":{"line":519,"column":4},"end":{"line":531,"column":4}}},"11":{"name":"getAmountOut","line":542,"loc":{"start":{"line":542,"column":4},"end":{"line":544,"column":4}}}},"statementMap":{"1":{"start":{"line":208,"column":8},"end":{"line":208,"column":6307}},"2":{"start":{"line":218,"column":8},"end":{"line":218,"column":6517}},"3":{"start":{"line":245,"column":8},"end":{"line":245,"column":7725}},"4":{"start":{"line":249,"column":12},"end":{"line":249,"column":51}},"5":{"start":{"line":253,"column":8},"end":{"line":253,"column":68}},"6":{"start":{"line":255,"column":8},"end":{"line":255,"column":8211}},"7":{"start":{"line":261,"column":12},"end":{"line":261,"column":72}},"8":{"start":{"line":286,"column":8},"end":{"line":286,"column":9546}},"9":{"start":{"line":351,"column":8},"end":{"line":351,"column":94}},"10":{"start":{"line":353,"column":8},"end":{"line":353,"column":63}},"11":{"start":{"line":354,"column":8},"end":{"line":354,"column":63}},"12":{"start":{"line":355,"column":8},"end":{"line":355,"column":36}},"13":{"start":{"line":366,"column":8},"end":{"line":366,"column":13375}},"14":{"start":{"line":371,"column":8},"end":{"line":371,"column":70}},"15":{"start":{"line":372,"column":8},"end":{"line":372,"column":70}},"16":{"start":{"line":385,"column":8},"end":{"line":385,"column":14249}},"17":{"start":{"line":386,"column":12},"end":{"line":386,"column":31}},"18":{"start":{"line":387,"column":12},"end":{"line":387,"column":76}},"19":{"start":{"line":413,"column":8},"end":{"line":413,"column":94}},"20":{"start":{"line":415,"column":8},"end":{"line":415,"column":63}},"21":{"start":{"line":416,"column":8},"end":{"line":416,"column":63}},"22":{"start":{"line":417,"column":8},"end":{"line":417,"column":36}},"23":{"start":{"line":428,"column":8},"end":{"line":428,"column":16272}},"24":{"start":{"line":432,"column":13},"end":{"line":432,"column":39}},"25":{"start":{"line":434,"column":8},"end":{"line":434,"column":43}},"26":{"start":{"line":435,"column":8},"end":{"line":435,"column":43}},"27":{"start":{"line":437,"column":8},"end":{"line":437,"column":74}},"28":{"start":{"line":460,"column":8},"end":{"line":460,"column":40}},"29":{"start":{"line":462,"column":8},"end":{"line":462,"column":61}},"30":{"start":{"line":469,"column":8},"end":{"line":469,"column":18219}},"31":{"start":{"line":470,"column":12},"end":{"line":470,"column":18280}},"32":{"start":{"line":472,"column":19},"end":{"line":472,"column":18384}},"33":{"start":{"line":475,"column":15},"end":{"line":475,"column":18525}},"34":{"start":{"line":492,"column":8},"end":{"line":492,"column":19143}},"35":{"start":{"line":497,"column":8},"end":{"line":497,"column":83}},"36":{"start":{"line":498,"column":8},"end":{"line":498,"column":69}},"37":{"start":{"line":499,"column":9},"end":{"line":499,"column":19461}},"38":{"start":{"line":521,"column":8},"end":{"line":521,"column":63}},"39":{"start":{"line":522,"column":8},"end":{"line":522,"column":63}},"40":{"start":{"line":525,"column":8},"end":{"line":525,"column":20565}}},"branchMap":{"1":{"line":208,"type":"if","locations":[{"start":{"line":208,"column":8},"end":{"line":208,"column":8}},{"start":{"line":208,"column":8},"end":{"line":208,"column":8}}]},"2":{"line":218,"type":"if","locations":[{"start":{"line":218,"column":8},"end":{"line":218,"column":8}},{"start":{"line":218,"column":8},"end":{"line":218,"column":8}}]},"3":{"line":245,"type":"if","locations":[{"start":{"line":245,"column":8},"end":{"line":245,"column":8}},{"start":{"line":245,"column":8},"end":{"line":245,"column":8}}]},"4":{"line":255,"type":"if","locations":[{"start":{"line":255,"column":8},"end":{"line":255,"column":8}},{"start":{"line":255,"column":8},"end":{"line":255,"column":8}}]},"5":{"line":286,"type":"if","locations":[{"start":{"line":286,"column":8},"end":{"line":286,"column":8}},{"start":{"line":286,"column":8},"end":{"line":286,"column":8}}]},"6":{"line":349,"type":"if","locations":[{"start":{"line":349,"column":15},"end":{"line":349,"column":15}},{"start":{"line":349,"column":15},"end":{"line":349,"column":15}}]},"7":{"line":349,"type":"if","locations":[{"start":{"line":349,"column":44},"end":{"line":349,"column":44}},{"start":{"line":349,"column":44},"end":{"line":349,"column":44}}]},"8":{"line":351,"type":"if","locations":[{"start":{"line":351,"column":8},"end":{"line":351,"column":8}},{"start":{"line":351,"column":8},"end":{"line":351,"column":8}}]},"9":{"line":351,"type":"cond-expr","locations":[{"start":{"line":351,"column":12},"end":{"line":351,"column":37}},{"start":{"line":351,"column":42},"end":{"line":351,"column":67}}]},"10":{"line":366,"type":"if","locations":[{"start":{"line":366,"column":8},"end":{"line":366,"column":8}},{"start":{"line":366,"column":8},"end":{"line":366,"column":8}}]},"11":{"line":366,"type":"cond-expr","locations":[{"start":{"line":366,"column":12},"end":{"line":366,"column":31}},{"start":{"line":366,"column":36},"end":{"line":366,"column":55}}]},"12":{"line":385,"type":"if","locations":[{"start":{"line":385,"column":8},"end":{"line":385,"column":8}},{"start":{"line":385,"column":8},"end":{"line":385,"column":8}}]},"13":{"line":411,"type":"if","locations":[{"start":{"line":411,"column":15},"end":{"line":411,"column":15}},{"start":{"line":411,"column":15},"end":{"line":411,"column":15}}]},"14":{"line":411,"type":"if","locations":[{"start":{"line":411,"column":44},"end":{"line":411,"column":44}},{"start":{"line":411,"column":44},"end":{"line":411,"column":44}}]},"15":{"line":413,"type":"if","locations":[{"start":{"line":413,"column":8},"end":{"line":413,"column":8}},{"start":{"line":413,"column":8},"end":{"line":413,"column":8}}]},"16":{"line":413,"type":"cond-expr","locations":[{"start":{"line":413,"column":12},"end":{"line":413,"column":37}},{"start":{"line":413,"column":42},"end":{"line":413,"column":67}}]},"17":{"line":428,"type":"if","locations":[{"start":{"line":428,"column":8},"end":{"line":428,"column":8}},{"start":{"line":428,"column":8},"end":{"line":428,"column":8}}]},"18":{"line":428,"type":"cond-expr","locations":[{"start":{"line":428,"column":12},"end":{"line":428,"column":31}},{"start":{"line":428,"column":36},"end":{"line":428,"column":55}}]},"19":{"line":457,"type":"if","locations":[{"start":{"line":457,"column":23},"end":{"line":457,"column":23}},{"start":{"line":457,"column":23},"end":{"line":457,"column":23}}]},"20":{"line":457,"type":"if","locations":[{"start":{"line":457,"column":52},"end":{"line":457,"column":52}},{"start":{"line":457,"column":52},"end":{"line":457,"column":52}}]},"21":{"line":462,"type":"if","locations":[{"start":{"line":462,"column":8},"end":{"line":462,"column":8}},{"start":{"line":462,"column":8},"end":{"line":462,"column":8}}]},"22":{"line":469,"type":"if","locations":[{"start":{"line":469,"column":8},"end":{"line":469,"column":8}},{"start":{"line":469,"column":8},"end":{"line":469,"column":8}}]},"23":{"line":470,"type":"if","locations":[{"start":{"line":470,"column":12},"end":{"line":470,"column":12}},{"start":{"line":470,"column":12},"end":{"line":470,"column":12}}]},"24":{"line":472,"type":"if","locations":[{"start":{"line":472,"column":19},"end":{"line":472,"column":19}},{"start":{"line":472,"column":19},"end":{"line":472,"column":19}}]},"25":{"line":475,"type":"if","locations":[{"start":{"line":475,"column":15},"end":{"line":475,"column":15}},{"start":{"line":475,"column":15},"end":{"line":475,"column":15}}]},"26":{"line":492,"type":"if","locations":[{"start":{"line":492,"column":8},"end":{"line":492,"column":8}},{"start":{"line":492,"column":8},"end":{"line":492,"column":8}}]},"27":{"line":525,"type":"if","locations":[{"start":{"line":525,"column":8},"end":{"line":525,"column":8}},{"start":{"line":525,"column":8},"end":{"line":525,"column":8}}]}}},"contracts/Token.sol":{"l":{"16":4},"path":"/Users/claudiohermida-new/Desktop/WORKSPACE/ETH_KIPU/ETH_KIPU_2025/ETH-KIPU-2025-TP-MOD-4-COPY/contracts/Token.sol","s":{"1":4},"b":{"1":[4,2]},"f":{"1":4,"2":4},"fnMap":{"1":{"name":"constructor","line":11,"loc":{"start":{"line":9,"column":4},"end":{"line":12,"column":5}}},"2":{"name":"mint","line":15,"loc":{"start":{"line":15,"column":4},"end":{"line":17,"column":4}}}},"statementMap":{"1":{"start":{"line":16,"column":8},"end":{"line":16,"column":24}}},"branchMap":{"1":{"line":15,"type":"if","locations":[{"start":{"line":15,"column":53},"end":{"line":15,"column":53}},{"start":{"line":15,"column":53},"end":{"line":15,"column":53}}]}}}}