TN:
SF:/Users/claudiohermida-new/Desktop/WORKSPACE/ETH_KIPU/ETH_KIPU_2025/ETH-KIPU-2025-TP-MOD-4-Scaffold/scaffold-simple-swap/packages/hardhat/contracts/SimpleSwap.sol
FN:221,onlyBeforeDeadline
FN:231,onlyValidAddress
FN:251,_calculateAmountsToDeposit
FN:292,_calculateLiquidityToMint
FN:320,_calculateExitLiquidity
FN:334,constructor
FN:366,addLiquidity
FN:419,removeLiquidity
FN:461,swapExactTokensForTokens
FN:522,getPrice
FN:544,getAmountOut
FNF:11
FNH:11
FNDA:34,onlyBeforeDeadline
FNDA:31,onlyValidAddress
FNDA:9,_calculateAmountsToDeposit
FNDA:7,_calculateLiquidityToMint
FNDA:4,_calculateExitLiquidity
FNDA:4,constructor
FNDA:11,addLiquidity
FNDA:6,removeLiquidity
FNDA:11,swapExactTokensForTokens
FNDA:2,getPrice
FNDA:8,getAmountOut
DA:222,34
DA:223,3
DA:225,31
DA:232,31
DA:233,3
DA:235,28
DA:259,9
DA:263,7
DA:267,2
DA:269,2
DA:271,1
DA:272,1
DA:275,1
DA:276,1
DA:277,1
DA:300,7
DA:302,5
DA:304,2
DA:327,4
DA:328,4
DA:335,4
DA:336,4
DA:368,11
DA:369,2
DA:372,9
DA:373,9
DA:374,9
DA:377,9
DA:380,9
DA:381,2
DA:385,7
DA:386,7
DA:389,7
DA:393,7
DA:394,6
DA:395,6
DA:421,6
DA:422,2
DA:425,4
DA:426,4
DA:427,4
DA:430,4
DA:433,4
DA:434,3
DA:437,1
DA:439,1
DA:440,1
DA:442,1
DA:464,11
DA:466,11
DA:467,1
DA:471,10
DA:475,10
DA:476,5
DA:478,3
DA:481,1
DA:485,1
DA:488,5
DA:489,5
DA:492,5
DA:495,4
DA:496,1
DA:500,3
DA:501,3
DA:502,3
DA:524,2
DA:525,2
DA:528,2
DA:529,1
DA:531,1
DA:549,8
LF:71
LH:71
BRDA:222,1,0,3
BRDA:222,1,1,31
BRDA:232,2,0,3
BRDA:232,2,1,28
BRDA:259,3,0,7
BRDA:259,3,1,2
BRDA:269,4,0,1
BRDA:269,4,1,1
BRDA:300,5,0,5
BRDA:300,5,1,2
BRDA:366,6,0,12
BRDA:366,6,1,1
BRDA:366,7,0,11
BRDA:366,7,1,1
BRDA:368,8,0,2
BRDA:368,8,1,9
BRDA:368,9,0,1
BRDA:368,9,1,1
BRDA:380,10,0,2
BRDA:380,10,1,7
BRDA:380,11,0,1
BRDA:380,11,1,1
BRDA:393,12,0,6
BRDA:393,12,1,1
BRDA:419,13,0,7
BRDA:419,13,1,1
BRDA:419,14,0,6
BRDA:419,14,1,1
BRDA:421,15,0,2
BRDA:421,15,1,4
BRDA:421,16,0,1
BRDA:421,16,1,1
BRDA:433,17,0,3
BRDA:433,17,1,1
BRDA:433,18,0,2
BRDA:433,18,1,1
BRDA:461,19,0,12
BRDA:461,19,1,1
BRDA:461,20,0,11
BRDA:461,20,1,1
BRDA:466,21,0,1
BRDA:466,21,1,10
BRDA:475,22,0,5
BRDA:475,22,1,5
BRDA:476,23,0,3
BRDA:476,23,1,2
BRDA:479,24,0,1
BRDA:479,24,1,1
BRDA:483,25,0,1
BRDA:483,25,1,4
BRDA:495,26,0,1
BRDA:495,26,1,3
BRDA:528,27,0,1
BRDA:528,27,1,1
BRF:54
BRH:54
end_of_record
TN:
SF:/Users/claudiohermida-new/Desktop/WORKSPACE/ETH_KIPU/ETH_KIPU_2025/ETH-KIPU-2025-TP-MOD-4-Scaffold/scaffold-simple-swap/packages/hardhat/contracts/Token.sol
FN:9,constructor
FN:12,mint
FNF:2
FNH:2
FNDA:8,constructor
FNDA:8,mint
DA:13,8
LF:1
LH:1
BRDA:12,1,0,8
BRDA:12,1,1,2
BRF:2
BRH:2
end_of_record
