{"contracts/SimpleSwap.sol":{"l":{"222":34,"223":3,"225":31,"232":31,"233":3,"235":28,"259":9,"263":7,"267":2,"269":2,"271":1,"272":1,"275":1,"276":1,"277":1,"300":7,"302":5,"304":2,"327":4,"328":4,"335":4,"336":4,"368":11,"369":2,"372":9,"373":9,"374":9,"377":9,"380":9,"381":2,"385":7,"386":7,"389":7,"393":7,"394":6,"395":6,"421":6,"422":2,"425":4,"426":4,"427":4,"430":4,"433":4,"434":3,"437":1,"439":1,"440":1,"442":1,"464":11,"466":11,"467":1,"471":10,"475":10,"476":5,"478":3,"481":1,"485":1,"488":5,"489":5,"492":5,"495":4,"496":1,"500":3,"501":3,"502":3,"524":2,"525":2,"528":2,"529":1,"531":1,"549":8},"path":"/Users/claudiohermida-new/Desktop/WORKSPACE/ETH_KIPU/ETH_KIPU_2025/ETH-KIPU-2025-TP-MOD-4-Scaffold/scaffold-simple-swap/packages/hardhat/contracts/SimpleSwap.sol","s":{"1":34,"2":31,"3":9,"4":7,"5":2,"6":2,"7":1,"8":7,"9":11,"10":9,"11":9,"12":9,"13":9,"14":7,"15":7,"16":7,"17":6,"18":6,"19":6,"20":4,"21":4,"22":4,"23":4,"24":1,"25":1,"26":1,"27":1,"28":11,"29":11,"30":10,"31":5,"32":2,"33":5,"34":4,"35":3,"36":3,"37":3,"38":2,"39":2,"40":2},"b":{"1":[3,31],"2":[3,28],"3":[7,2],"4":[1,1],"5":[5,2],"6":[12,1],"7":[11,1],"8":[2,9],"9":[1,1],"10":[2,7],"11":[1,1],"12":[6,1],"13":[7,1],"14":[6,1],"15":[2,4],"16":[1,1],"17":[3,1],"18":[2,1],"19":[12,1],"20":[11,1],"21":[1,10],"22":[5,5],"23":[3,2],"24":[1,1],"25":[1,4],"26":[1,3],"27":[1,1]},"f":{"1":34,"2":31,"3":9,"4":7,"5":4,"6":4,"7":11,"8":6,"9":11,"10":2,"11":8},"fnMap":{"1":{"name":"onlyBeforeDeadline","line":221,"loc":{"start":{"line":221,"column":4},"end":{"line":226,"column":4}}},"2":{"name":"onlyValidAddress","line":231,"loc":{"start":{"line":231,"column":4},"end":{"line":236,"column":4}}},"3":{"name":"_calculateAmountsToDeposit","line":251,"loc":{"start":{"line":251,"column":4},"end":{"line":279,"column":4}}},"4":{"name":"_calculateLiquidityToMint","line":292,"loc":{"start":{"line":292,"column":4},"end":{"line":309,"column":4}}},"5":{"name":"_calculateExitLiquidity","line":320,"loc":{"start":{"line":320,"column":4},"end":{"line":329,"column":4}}},"6":{"name":"constructor","line":334,"loc":{"start":{"line":334,"column":4},"end":{"line":337,"column":4}}},"7":{"name":"addLiquidity","line":366,"loc":{"start":{"line":357,"column":4},"end":{"line":397,"column":4}}},"8":{"name":"removeLiquidity","line":419,"loc":{"start":{"line":411,"column":4},"end":{"line":444,"column":4}}},"9":{"name":"swapExactTokensForTokens","line":461,"loc":{"start":{"line":455,"column":4},"end":{"line":514,"column":4}}},"10":{"name":"getPrice","line":522,"loc":{"start":{"line":522,"column":4},"end":{"line":533,"column":4}}},"11":{"name":"getAmountOut","line":544,"loc":{"start":{"line":544,"column":4},"end":{"line":550,"column":4}}}},"statementMap":{"1":{"start":{"line":222,"column":8},"end":{"line":222,"column":6685}},"2":{"start":{"line":232,"column":8},"end":{"line":232,"column":6893}},"3":{"start":{"line":259,"column":8},"end":{"line":259,"column":8111}},"4":{"start":{"line":263,"column":12},"end":{"line":263,"column":51}},"5":{"start":{"line":267,"column":8},"end":{"line":267,"column":68}},"6":{"start":{"line":269,"column":8},"end":{"line":269,"column":8597}},"7":{"start":{"line":275,"column":12},"end":{"line":275,"column":72}},"8":{"start":{"line":300,"column":8},"end":{"line":300,"column":9933}},"9":{"start":{"line":368,"column":8},"end":{"line":368,"column":13006}},"10":{"start":{"line":372,"column":8},"end":{"line":372,"column":63}},"11":{"start":{"line":373,"column":8},"end":{"line":373,"column":63}},"12":{"start":{"line":374,"column":8},"end":{"line":374,"column":36}},"13":{"start":{"line":380,"column":8},"end":{"line":380,"column":13620}},"14":{"start":{"line":385,"column":8},"end":{"line":385,"column":70}},"15":{"start":{"line":386,"column":8},"end":{"line":386,"column":70}},"16":{"start":{"line":393,"column":8},"end":{"line":393,"column":14279}},"17":{"start":{"line":394,"column":12},"end":{"line":394,"column":31}},"18":{"start":{"line":395,"column":12},"end":{"line":395,"column":76}},"19":{"start":{"line":421,"column":8},"end":{"line":421,"column":15544}},"20":{"start":{"line":425,"column":8},"end":{"line":425,"column":63}},"21":{"start":{"line":426,"column":8},"end":{"line":426,"column":63}},"22":{"start":{"line":427,"column":8},"end":{"line":427,"column":36}},"23":{"start":{"line":433,"column":8},"end":{"line":433,"column":16154}},"24":{"start":{"line":437,"column":12},"end":{"line":437,"column":39}},"25":{"start":{"line":439,"column":12},"end":{"line":439,"column":47}},"26":{"start":{"line":440,"column":12},"end":{"line":440,"column":47}},"27":{"start":{"line":442,"column":12},"end":{"line":442,"column":78}},"28":{"start":{"line":464,"column":8},"end":{"line":464,"column":40}},"29":{"start":{"line":466,"column":8},"end":{"line":466,"column":17690}},"30":{"start":{"line":475,"column":8},"end":{"line":475,"column":18064}},"31":{"start":{"line":476,"column":12},"end":{"line":476,"column":18126}},"32":{"start":{"line":479,"column":19},"end":{"line":479,"column":18278}},"33":{"start":{"line":483,"column":15},"end":{"line":483,"column":18427}},"34":{"start":{"line":495,"column":8},"end":{"line":495,"column":18976}},"35":{"start":{"line":500,"column":8},"end":{"line":500,"column":83}},"36":{"start":{"line":501,"column":8},"end":{"line":501,"column":69}},"37":{"start":{"line":502,"column":8},"end":{"line":502,"column":19292}},"38":{"start":{"line":524,"column":8},"end":{"line":524,"column":63}},"39":{"start":{"line":525,"column":8},"end":{"line":525,"column":63}},"40":{"start":{"line":528,"column":8},"end":{"line":528,"column":20379}}},"branchMap":{"1":{"line":222,"type":"if","locations":[{"start":{"line":222,"column":8},"end":{"line":222,"column":8}},{"start":{"line":222,"column":8},"end":{"line":222,"column":8}}]},"2":{"line":232,"type":"if","locations":[{"start":{"line":232,"column":8},"end":{"line":232,"column":8}},{"start":{"line":232,"column":8},"end":{"line":232,"column":8}}]},"3":{"line":259,"type":"if","locations":[{"start":{"line":259,"column":8},"end":{"line":259,"column":8}},{"start":{"line":259,"column":8},"end":{"line":259,"column":8}}]},"4":{"line":269,"type":"if","locations":[{"start":{"line":269,"column":8},"end":{"line":269,"column":8}},{"start":{"line":269,"column":8},"end":{"line":269,"column":8}}]},"5":{"line":300,"type":"if","locations":[{"start":{"line":300,"column":8},"end":{"line":300,"column":8}},{"start":{"line":300,"column":8},"end":{"line":300,"column":8}}]},"6":{"line":366,"type":"if","locations":[{"start":{"line":366,"column":15},"end":{"line":366,"column":15}},{"start":{"line":366,"column":15},"end":{"line":366,"column":15}}]},"7":{"line":366,"type":"if","locations":[{"start":{"line":366,"column":44},"end":{"line":366,"column":44}},{"start":{"line":366,"column":44},"end":{"line":366,"column":44}}]},"8":{"line":368,"type":"if","locations":[{"start":{"line":368,"column":8},"end":{"line":368,"column":8}},{"start":{"line":368,"column":8},"end":{"line":368,"column":8}}]},"9":{"line":368,"type":"cond-expr","locations":[{"start":{"line":368,"column":12},"end":{"line":368,"column":37}},{"start":{"line":368,"column":42},"end":{"line":368,"column":67}}]},"10":{"line":380,"type":"if","locations":[{"start":{"line":380,"column":8},"end":{"line":380,"column":8}},{"start":{"line":380,"column":8},"end":{"line":380,"column":8}}]},"11":{"line":380,"type":"cond-expr","locations":[{"start":{"line":380,"column":12},"end":{"line":380,"column":31}},{"start":{"line":380,"column":36},"end":{"line":380,"column":55}}]},"12":{"line":393,"type":"if","locations":[{"start":{"line":393,"column":8},"end":{"line":393,"column":8}},{"start":{"line":393,"column":8},"end":{"line":393,"column":8}}]},"13":{"line":419,"type":"if","locations":[{"start":{"line":419,"column":15},"end":{"line":419,"column":15}},{"start":{"line":419,"column":15},"end":{"line":419,"column":15}}]},"14":{"line":419,"type":"if","locations":[{"start":{"line":419,"column":44},"end":{"line":419,"column":44}},{"start":{"line":419,"column":44},"end":{"line":419,"column":44}}]},"15":{"line":421,"type":"if","locations":[{"start":{"line":421,"column":8},"end":{"line":421,"column":8}},{"start":{"line":421,"column":8},"end":{"line":421,"column":8}}]},"16":{"line":421,"type":"cond-expr","locations":[{"start":{"line":421,"column":12},"end":{"line":421,"column":37}},{"start":{"line":421,"column":42},"end":{"line":421,"column":67}}]},"17":{"line":433,"type":"if","locations":[{"start":{"line":433,"column":8},"end":{"line":433,"column":8}},{"start":{"line":433,"column":8},"end":{"line":433,"column":8}}]},"18":{"line":433,"type":"cond-expr","locations":[{"start":{"line":433,"column":12},"end":{"line":433,"column":31}},{"start":{"line":433,"column":36},"end":{"line":433,"column":55}}]},"19":{"line":461,"type":"if","locations":[{"start":{"line":461,"column":15},"end":{"line":461,"column":15}},{"start":{"line":461,"column":15},"end":{"line":461,"column":15}}]},"20":{"line":461,"type":"if","locations":[{"start":{"line":461,"column":44},"end":{"line":461,"column":44}},{"start":{"line":461,"column":44},"end":{"line":461,"column":44}}]},"21":{"line":466,"type":"if","locations":[{"start":{"line":466,"column":8},"end":{"line":466,"column":8}},{"start":{"line":466,"column":8},"end":{"line":466,"column":8}}]},"22":{"line":475,"type":"if","locations":[{"start":{"line":475,"column":8},"end":{"line":475,"column":8}},{"start":{"line":475,"column":8},"end":{"line":475,"column":8}}]},"23":{"line":476,"type":"if","locations":[{"start":{"line":476,"column":12},"end":{"line":476,"column":12}},{"start":{"line":476,"column":12},"end":{"line":476,"column":12}}]},"24":{"line":479,"type":"if","locations":[{"start":{"line":479,"column":19},"end":{"line":479,"column":19}},{"start":{"line":479,"column":19},"end":{"line":479,"column":19}}]},"25":{"line":483,"type":"if","locations":[{"start":{"line":483,"column":15},"end":{"line":483,"column":15}},{"start":{"line":483,"column":15},"end":{"line":483,"column":15}}]},"26":{"line":495,"type":"if","locations":[{"start":{"line":495,"column":8},"end":{"line":495,"column":8}},{"start":{"line":495,"column":8},"end":{"line":495,"column":8}}]},"27":{"line":528,"type":"if","locations":[{"start":{"line":528,"column":8},"end":{"line":528,"column":8}},{"start":{"line":528,"column":8},"end":{"line":528,"column":8}}]}}},"contracts/Token.sol":{"l":{"13":8},"path":"/Users/claudiohermida-new/Desktop/WORKSPACE/ETH_KIPU/ETH_KIPU_2025/ETH-KIPU-2025-TP-MOD-4-Scaffold/scaffold-simple-swap/packages/hardhat/contracts/Token.sol","s":{"1":8},"b":{"1":[8,2]},"f":{"1":8,"2":8},"fnMap":{"1":{"name":"constructor","line":9,"loc":{"start":{"line":9,"column":4},"end":{"line":9,"column":99}}},"2":{"name":"mint","line":12,"loc":{"start":{"line":12,"column":4},"end":{"line":14,"column":4}}}},"statementMap":{"1":{"start":{"line":13,"column":8},"end":{"line":13,"column":24}}},"branchMap":{"1":{"line":12,"type":"if","locations":[{"start":{"line":12,"column":53},"end":{"line":12,"column":53}},{"start":{"line":12,"column":53},"end":{"line":12,"column":53}}]}}}}