TN:
SF:/Users/claudiohermida-new/Desktop/WORKSPACE/ETH_KIPU/ETH_KIPU_2025/ETH-KIPU-2025-TP-MOD-4-COPY/contracts/SimpleSwap.sol
FN:207,onlyBeforeDeadline
FN:217,onlyValidAddress
FN:237,_calculateAmountsToDeposit
FN:278,_calculateLiquidityToMint
FN:302,_calculateExitLiquidity
FN:316,constructor
FN:349,addLiquidity
FN:411,removeLiquidity
FN:457,swapExactTokensForTokens
FN:519,getPrice
FN:542,getAmountOut
FNF:11
FNH:11
FNDA:25,onlyBeforeDeadline
FNDA:23,onlyValidAddress
FNDA:7,_calculateAmountsToDeposit
FNDA:5,_calculateLiquidityToMint
FNDA:3,_calculateExitLiquidity
FNDA:2,constructor
FNDA:9,addLiquidity
FNDA:5,removeLiquidity
FNDA:6,swapExactTokensForTokens
FNDA:2,getPrice
FNDA:4,getAmountOut
DA:208,25
DA:209,2
DA:211,23
DA:218,23
DA:219,3
DA:221,20
DA:245,7
DA:249,5
DA:253,2
DA:255,2
DA:257,1
DA:258,1
DA:261,1
DA:262,1
DA:263,1
DA:286,5
DA:287,3
DA:289,2
DA:309,3
DA:310,3
DA:317,2
DA:318,2
DA:351,9
DA:353,7
DA:354,7
DA:355,7
DA:358,7
DA:366,7
DA:367,2
DA:371,5
DA:372,5
DA:375,5
DA:385,5
DA:386,5
DA:387,5
DA:413,5
DA:415,3
DA:416,3
DA:417,3
DA:420,3
DA:428,3
DA:429,2
DA:432,1
DA:434,1
DA:435,1
DA:437,1
DA:460,6
DA:462,6
DA:465,5
DA:469,5
DA:470,2
DA:471,1
DA:473,1
DA:476,1
DA:479,2
DA:480,2
DA:484,2
DA:492,2
DA:493,1
DA:497,1
DA:498,1
DA:499,1
DA:521,2
DA:522,2
DA:525,2
DA:526,1
DA:528,1
DA:543,4
LF:68
LH:68
BRDA:208,1,0,2
BRDA:208,1,1,23
BRDA:218,2,0,3
BRDA:218,2,1,20
BRDA:245,3,0,5
BRDA:245,3,1,2
BRDA:255,4,0,1
BRDA:255,4,1,1
BRDA:286,5,0,3
BRDA:286,5,1,2
BRDA:349,6,0,10
BRDA:349,6,1,0
BRDA:349,7,0,9
BRDA:349,7,1,1
BRDA:351,8,0,2
BRDA:351,8,1,7
BRDA:351,9,0,1
BRDA:351,9,1,1
BRDA:366,10,0,2
BRDA:366,10,1,5
BRDA:366,11,0,1
BRDA:366,11,1,1
BRDA:385,12,0,5
BRDA:385,12,1,0
BRDA:411,13,0,6
BRDA:411,13,1,1
BRDA:411,14,0,5
BRDA:411,14,1,1
BRDA:413,15,0,2
BRDA:413,15,1,3
BRDA:413,16,0,1
BRDA:413,16,1,1
BRDA:428,17,0,2
BRDA:428,17,1,1
BRDA:428,18,0,1
BRDA:428,18,1,1
BRDA:457,19,0,7
BRDA:457,19,1,1
BRDA:457,20,0,6
BRDA:457,20,1,1
BRDA:462,21,0,1
BRDA:462,21,1,5
BRDA:469,22,0,2
BRDA:469,22,1,3
BRDA:470,23,0,1
BRDA:470,23,1,1
BRDA:472,24,0,1
BRDA:472,24,1,0
BRDA:475,25,0,1
BRDA:475,25,1,2
BRDA:492,26,0,1
BRDA:492,26,1,1
BRDA:525,27,0,1
BRDA:525,27,1,1
BRF:54
BRH:51
end_of_record
TN:
SF:/Users/claudiohermida-new/Desktop/WORKSPACE/ETH_KIPU/ETH_KIPU_2025/ETH-KIPU-2025-TP-MOD-4-COPY/contracts/Token.sol
FN:11,constructor
FN:15,mint
FNF:2
FNH:2
FNDA:4,constructor
FNDA:4,mint
DA:16,4
LF:1
LH:1
BRDA:15,1,0,4
BRDA:15,1,1,2
BRF:2
BRH:2
end_of_record
